----------------------------------------------------------------
Tue Jun 14 20:15:42 IST 2022:
Booting Derby version The Apache Software Foundation - Apache Derby - 10.14.2.0 - (1828579): instance a816c00e-0181-62ad-70c5-000000b2e8c8 
on database directory memory:C:\java training\Assignment-main (5)\Assignment-main\Spring-Boot-InMemoryDatabase\3bc5105b-3c2f-4bb6-85b6-32d2bf0c5bd8 with class loader jdk.internal.loader.ClassLoaders$AppClassLoader@22d8cfe0 
Loaded from file:/C:/Users/JG64345/.m2/repository/org/apache/derby/derby/10.14.2.0/derby-10.14.2.0.jar
java.vendor=Eclipse Adoptium
java.runtime.version=17.0.2+8
user.dir=C:\java training\Assignment-main (5)\Assignment-main\Spring-Boot-InMemoryDatabase
os.name=Windows 10
os.arch=amd64
os.version=10.0
derby.system.home=null
Database Class Loader started - derby.database.classpath=''
----------------------------------------------------------------
Tue Jun 14 20:16:42 IST 2022:
Shutting down instance a816c00e-0181-62ad-70c5-000000b2e8c8 on database directory memory:C:\java training\Assignment-main (5)\Assignment-main\Spring-Boot-InMemoryDatabase\3bc5105b-3c2f-4bb6-85b6-32d2bf0c5bd8 with class loader jdk.internal.loader.ClassLoaders$AppClassLoader@22d8cfe0 
----------------------------------------------------------------
Tue Jun 14 20:16:43 IST 2022:
Booting Derby version The Apache Software Foundation - Apache Derby - 10.14.2.0 - (1828579): instance 67bb80b4-0181-62ad-70c5-000000b2e8c8 
on database directory memory:C:\java training\Assignment-main (5)\Assignment-main\Spring-Boot-InMemoryDatabase\0caf55d0-347d-42d1-af4f-62124353ff2c with class loader jdk.internal.loader.ClassLoaders$AppClassLoader@22d8cfe0 
Loaded from file:/C:/Users/JG64345/.m2/repository/org/apache/derby/derby/10.14.2.0/derby-10.14.2.0.jar
java.vendor=Eclipse Adoptium
java.runtime.version=17.0.2+8
user.dir=C:\java training\Assignment-main (5)\Assignment-main\Spring-Boot-InMemoryDatabase
os.name=Windows 10
os.arch=amd64
os.version=10.0
derby.system.home=null
Database Class Loader started - derby.database.classpath=''
----------------------------------------------------------------
Tue Jun 14 20:16:44 IST 2022:
Shutting down instance 67bb80b4-0181-62ad-70c5-000000b2e8c8 on database directory memory:C:\java training\Assignment-main (5)\Assignment-main\Spring-Boot-InMemoryDatabase\0caf55d0-347d-42d1-af4f-62124353ff2c with class loader jdk.internal.loader.ClassLoaders$AppClassLoader@22d8cfe0 
